<?xml version="1.0" encoding="UTF-8"?>
<testsuite name="Nop commerce demo Test"
           tests="4"
           failures="0"
           errors="0"
           skipped="0"
           time="4.775">
  <properties />
  
  
            <testcase name="verifyThatUserShouldLogInSuccessFullyWithValidCredentials" time="1.322" classname="om.nopcommerce.demo.testsuits.LoginPageTest" />
                <testcase name="VerifyThatUserShouldLogOutSuccessFully" time="1.947" classname="om.nopcommerce.demo.testsuits.LoginPageTest" />
                <testcase name="userShouldNavigateToLoginPageSuccessFully" time="0.499" classname="om.nopcommerce.demo.testsuits.LoginPageTest" />
                <testcase name="verifyTheErrorMessageWithInValidCredentials" time="1.007" classname="om.nopcommerce.demo.testsuits.LoginPageTest" />
      
</testsuite>
